<?xml version="1.0" encoding="UTF-8"?>
<testsuite xmlns:xsi="http://www.w3.org/2001/XMLSchema-instance" xsi:noNamespaceSchemaLocation="https://maven.apache.org/surefire/maven-surefire-plugin/xsd/surefire-test-report-3.0.xsd" version="3.0" name="com.javahongkong.bootcamp.exercise.SampleUnitTest" time="0.022" tests="7" errors="0" skipped="0" failures="0">
  <properties>
    <property name="java.specification.version" value="17"/>
    <property name="sun.jnu.encoding" value="UTF-8"/>
    <property name="java.class.path" value="/Users/chloepoon/github/furniture-factory/target/test-classes:/Users/chloepoon/github/furniture-factory/target/classes:/Users/chloepoon/.m2/repository/junit/junit/4.12/junit-4.12.jar:/Users/chloepoon/.m2/repository/org/hamcrest/hamcrest-core/1.3/hamcrest-core-1.3.jar:"/>
    <property name="java.vm.vendor" value="Azul Systems, Inc."/>
    <property name="sun.arch.data.model" value="64"/>
    <property name="java.vendor.url" value="http://www.azul.com/"/>
    <property name="os.name" value="Mac OS X"/>
    <property name="java.vm.specification.version" value="17"/>
    <property name="sun.java.launcher" value="SUN_STANDARD"/>
    <property name="user.country" value="GB"/>
    <property name="sun.boot.library.path" value="/Library/Java/JavaVirtualMachines/zulu-17.jdk/Contents/Home/lib"/>
    <property name="sun.java.command" value="/Users/chloepoon/github/furniture-factory/target/surefire/surefirebooter-20240124164519771_3.jar /Users/chloepoon/github/furniture-factory/target/surefire 2024-01-24T16-45-19_733-jvmRun1 surefire-20240124164519771_1tmp surefire_0-20240124164519771_2tmp"/>
    <property name="http.nonProxyHosts" value="local|*.local|169.254/16|*.169.254/16"/>
    <property name="jdk.debug" value="release"/>
    <property name="surefire.test.class.path" value="/Users/chloepoon/github/furniture-factory/target/test-classes:/Users/chloepoon/github/furniture-factory/target/classes:/Users/chloepoon/.m2/repository/junit/junit/4.12/junit-4.12.jar:/Users/chloepoon/.m2/repository/org/hamcrest/hamcrest-core/1.3/hamcrest-core-1.3.jar:"/>
    <property name="sun.cpu.endian" value="little"/>
    <property name="user.home" value="/Users/chloepoon"/>
    <property name="user.language" value="en"/>
    <property name="java.specification.vendor" value="Oracle Corporation"/>
    <property name="java.version.date" value="2023-10-17"/>
    <property name="java.home" value="/Library/Java/JavaVirtualMachines/zulu-17.jdk/Contents/Home"/>
    <property name="file.separator" value="/"/>
    <property name="basedir" value="/Users/chloepoon/github/furniture-factory"/>
    <property name="java.vm.compressedOopsMode" value="Zero based"/>
    <property name="line.separator" value="&#10;"/>
    <property name="java.specification.name" value="Java Platform API Specification"/>
    <property name="java.vm.specification.vendor" value="Oracle Corporation"/>
    <property name="surefire.real.class.path" value="/Users/chloepoon/github/furniture-factory/target/surefire/surefirebooter-20240124164519771_3.jar"/>
    <property name="sun.management.compiler" value="HotSpot 64-Bit Tiered Compilers"/>
    <property name="ftp.nonProxyHosts" value="local|*.local|169.254/16|*.169.254/16"/>
    <property name="java.runtime.version" value="17.0.9+8-LTS"/>
    <property name="user.name" value="chloepoon"/>
    <property name="path.separator" value=":"/>
    <property name="os.version" value="14.1.1"/>
    <property name="java.runtime.name" value="OpenJDK Runtime Environment"/>
    <property name="file.encoding" value="UTF-8"/>
    <property name="java.vm.name" value="OpenJDK 64-Bit Server VM"/>
    <property name="java.vendor.version" value="Zulu17.46+19-CA"/>
    <property name="localRepository" value="/Users/chloepoon/.m2/repository"/>
    <property name="java.vendor.url.bug" value="http://www.azul.com/support/"/>
    <property name="java.io.tmpdir" value="/var/folders/3y/16gt_s0j7vxb__0dz9twfp640000gn/T/"/>
    <property name="java.version" value="17.0.9"/>
    <property name="user.dir" value="/Users/chloepoon/github/furniture-factory"/>
    <property name="os.arch" value="aarch64"/>
    <property name="java.vm.specification.name" value="Java Virtual Machine Specification"/>
    <property name="native.encoding" value="UTF-8"/>
    <property name="java.library.path" value="/Users/chloepoon/Library/Java/Extensions:/Library/Java/Extensions:/Network/Library/Java/Extensions:/System/Library/Java/Extensions:/usr/lib/java:."/>
    <property name="java.vm.info" value="mixed mode, sharing"/>
    <property name="java.vendor" value="Azul Systems, Inc."/>
    <property name="java.vm.version" value="17.0.9+8-LTS"/>
    <property name="sun.io.unicode.encoding" value="UnicodeBig"/>
    <property name="socksNonProxyHosts" value="local|*.local|169.254/16|*.169.254/16"/>
    <property name="java.class.version" value="61.0"/>
  </properties>
  <testcase name="_01_getChairCount" classname="com.javahongkong.bootcamp.exercise.SampleUnitTest" time="0.001"/>
  <testcase name="_02_orderFourChairs" classname="com.javahongkong.bootcamp.exercise.SampleUnitTest" time="0.0"/>
  <testcase name="_03_orderThreeCouches" classname="com.javahongkong.bootcamp.exercise.SampleUnitTest" time="0.0"/>
  <testcase name="_04_orderedChairsCost" classname="com.javahongkong.bootcamp.exercise.SampleUnitTest" time="0.0"/>
  <testcase name="_05_orderedTablesCost" classname="com.javahongkong.bootcamp.exercise.SampleUnitTest" time="0.0"/>
  <testcase name="_06_orderedCouchesCost" classname="com.javahongkong.bootcamp.exercise.SampleUnitTest" time="0.0"/>
  <testcase name="_07_totalOrderCost" classname="com.javahongkong.bootcamp.exercise.SampleUnitTest" time="0.0"/>
</testsuite>